[7612] 25 Feb 22:34:45 # Opening TCP port: bind: Address already in use

[6244] 25 Feb 22:36:42 # Opening TCP port: bind: Address already in use

[3860] 25 Feb 22:36:42 # Opening TCP port: bind: Address already in use

[8032] 25 Feb 22:36:42 # Opening TCP port: bind: Address already in use

[5100] 25 Feb 22:36:43 # Opening TCP port: bind: Address already in use

[7596] 25 Feb 22:36:43 # Opening TCP port: bind: Address already in use

[2508] 25 Feb 22:36:43 # Opening TCP port: bind: Address already in use

[5160] 25 Feb 22:36:43 # Opening TCP port: bind: Address already in use

[1284] 25 Feb 22:36:43 # Opening TCP port: bind: Address already in use

[3432] 25 Feb 22:36:43 # Opening TCP port: bind: Address already in use

[7684] 25 Feb 22:36:43 # Opening TCP port: bind: Address already in use

[3088] 25 Feb 22:36:43 # Opening TCP port: bind: Address already in use

[6240] 25 Feb 22:36:43 # Opening TCP port: bind: Address already in use

[5492] 25 Feb 22:36:44 # Opening TCP port: bind: Address already in use

[4476] 25 Feb 22:36:44 # Opening TCP port: bind: Address already in use

[7272] 25 Feb 22:36:44 # Opening TCP port: bind: Address already in use

[4152] 25 Feb 22:36:44 # Opening TCP port: bind: Address already in use

[7904] 25 Feb 22:36:44 # Opening TCP port: bind: Address already in use

[4036] 25 Feb 22:36:44 # Opening TCP port: bind: Address already in use

[6300] 25 Feb 22:36:44 # Opening TCP port: bind: Address already in use

[5988] 25 Feb 22:36:44 # Opening TCP port: bind: Address already in use

[6704] 26 Feb 10:22:53 # User requested shutdown, saving DB...
[6704] 26 Feb 10:22:53 # There is a live saving child. Killing it!
[6704] 26 Feb 10:22:53 # 1349476 bytes used at exit
[6704] 26 Feb 10:22:53 # Server exit now, bye bye...
[4704] 26 Feb 10:22:53 # User requested shutdown, saving DB...
[4704] 26 Feb 10:22:53 # 1349476 bytes used at exit
[4704] 26 Feb 10:22:53 # Server exit now, bye bye...
[6492] 26 Feb 15:11:56 # User requested shutdown, saving DB...
[6492] 26 Feb 15:11:56 # There is a live saving child. Killing it!
[6492] 26 Feb 15:11:56 # 1349476 bytes used at exit
[6492] 26 Feb 15:11:56 # Server exit now, bye bye...
[4112] 26 Feb 15:11:57 # User requested shutdown, saving DB...
[4112] 26 Feb 15:11:57 # 1349476 bytes used at exit
[4112] 26 Feb 15:11:57 # Server exit now, bye bye...
[9948] 26 Feb 15:15:02 # User requested shutdown, saving DB...
[9948] 26 Feb 15:15:02 # There is a live saving child. Killing it!
[9948] 26 Feb 15:15:02 # 1349476 bytes used at exit
[9948] 26 Feb 15:15:02 # Server exit now, bye bye...
[4836] 26 Feb 15:15:03 # User requested shutdown, saving DB...
[4836] 26 Feb 15:15:03 # 1349476 bytes used at exit
[4836] 26 Feb 15:15:03 # Server exit now, bye bye...
[5864] 26 Feb 15:16:07 # User requested shutdown, saving DB...
[5864] 26 Feb 15:16:07 # There is a live saving child. Killing it!
[5864] 26 Feb 15:16:07 # 1353544 bytes used at exit
[5864] 26 Feb 15:16:07 # Server exit now, bye bye...
[9556] 26 Feb 15:16:08 # User requested shutdown, saving DB...
[9556] 26 Feb 15:16:08 # 1365864 bytes used at exit
[9556] 26 Feb 15:16:08 # Server exit now, bye bye...
[4436] 26 Feb 15:21:49 # User requested shutdown, saving DB...
[4436] 26 Feb 15:21:49 # There is a live saving child. Killing it!
[4436] 26 Feb 15:21:50 # 1349476 bytes used at exit
[4436] 26 Feb 15:21:50 # Server exit now, bye bye...
[4508] 26 Feb 15:34:36 # User requested shutdown, saving DB...
[4508] 26 Feb 15:34:36 # There is a live saving child. Killing it!
[4508] 26 Feb 15:34:36 # 1353544 bytes used at exit
[4508] 26 Feb 15:34:36 # Server exit now, bye bye...
[3716] 26 Feb 15:35:42 # User requested shutdown, saving DB...
[3716] 26 Feb 15:35:42 # There is a live saving child. Killing it!
[3716] 26 Feb 15:35:42 # 1353544 bytes used at exit
[3716] 26 Feb 15:35:42 # Server exit now, bye bye...
[3920] 26 Feb 15:39:01 # User requested shutdown, saving DB...
[3920] 26 Feb 15:39:01 # There is a live saving child. Killing it!
[3920] 26 Feb 15:39:01 # 1349476 bytes used at exit
[3920] 26 Feb 15:39:01 # Server exit now, bye bye...
[9984] 26 Feb 15:40:19 # User requested shutdown, saving DB...
[9984] 26 Feb 15:40:19 # There is a live saving child. Killing it!
[9984] 26 Feb 15:40:19 # 1349476 bytes used at exit
[9984] 26 Feb 15:40:19 # Server exit now, bye bye...
[3632] 26 Feb 15:42:18 # User requested shutdown, saving DB...
[3632] 26 Feb 15:42:18 # There is a live saving child. Killing it!
[3632] 26 Feb 15:42:18 # 1349476 bytes used at exit
[3632] 26 Feb 15:42:18 # Server exit now, bye bye...
[8380] 26 Feb 15:42:55 # User requested shutdown, saving DB...
[8380] 26 Feb 15:42:55 # There is a live saving child. Killing it!
[8380] 26 Feb 15:42:55 # 1349476 bytes used at exit
[8380] 26 Feb 15:42:55 # Server exit now, bye bye...
[5604] 26 Feb 15:45:19 # User requested shutdown, saving DB...
[5604] 26 Feb 15:45:19 # There is a live saving child. Killing it!
[5604] 26 Feb 15:45:19 # 1349476 bytes used at exit
[5604] 26 Feb 15:45:19 # Server exit now, bye bye...
[3628] 26 Feb 15:45:19 # User requested shutdown, saving DB...
[3628] 26 Feb 15:45:19 # 1349440 bytes used at exit
[3628] 26 Feb 15:45:19 # Server exit now, bye bye...
[5980] 26 Feb 15:46:04 # User requested shutdown, saving DB...
[5980] 26 Feb 15:46:04 # There is a live saving child. Killing it!
[5980] 26 Feb 15:46:04 # 1353544 bytes used at exit
[5980] 26 Feb 15:46:04 # Server exit now, bye bye...
[4968] 26 Feb 15:46:05 # User requested shutdown, saving DB...
[4968] 26 Feb 15:46:05 # 1349440 bytes used at exit
[4968] 26 Feb 15:46:05 # Server exit now, bye bye...
[10136] 26 Feb 15:47:23 # User requested shutdown, saving DB...
[10136] 26 Feb 15:47:23 # There is a live saving child. Killing it!
[10136] 26 Feb 15:47:23 # 1349476 bytes used at exit
[10136] 26 Feb 15:47:23 # Server exit now, bye bye...
[3000] 26 Feb 15:47:24 # User requested shutdown, saving DB...
[3000] 26 Feb 15:47:24 # 1349440 bytes used at exit
[3000] 26 Feb 15:47:24 # Server exit now, bye bye...
[8628] 26 Feb 15:48:12 # User requested shutdown, saving DB...
[8628] 26 Feb 15:48:12 # There is a live saving child. Killing it!
[8628] 26 Feb 15:48:12 # 1353544 bytes used at exit
[8628] 26 Feb 15:48:12 # Server exit now, bye bye...
[4608] 26 Feb 15:48:13 # User requested shutdown, saving DB...
[4608] 26 Feb 15:48:13 # 1349440 bytes used at exit
[4608] 26 Feb 15:48:13 # Server exit now, bye bye...
[6520] 26 Feb 15:48:55 # User requested shutdown, saving DB...
[6520] 26 Feb 15:48:55 # There is a live saving child. Killing it!
[6520] 26 Feb 15:48:56 # 1349476 bytes used at exit
[6520] 26 Feb 15:48:56 # Server exit now, bye bye...
[6228] 26 Feb 15:48:56 # User requested shutdown, saving DB...
[6228] 26 Feb 15:48:56 # 1349440 bytes used at exit
[6228] 26 Feb 15:48:56 # Server exit now, bye bye...
[9024] 26 Feb 15:52:14 # User requested shutdown, saving DB...
[9024] 26 Feb 15:52:14 # There is a live saving child. Killing it!
[9024] 26 Feb 15:52:14 # 1349476 bytes used at exit
[9024] 26 Feb 15:52:14 # Server exit now, bye bye...
[7440] 26 Feb 15:52:15 # User requested shutdown, saving DB...
[7440] 26 Feb 15:52:15 # 1349440 bytes used at exit
[7440] 26 Feb 15:52:15 # Server exit now, bye bye...
[5972] 26 Feb 15:52:59 # User requested shutdown, saving DB...
[5972] 26 Feb 15:52:59 # There is a live saving child. Killing it!
[5972] 26 Feb 15:52:59 # 1349476 bytes used at exit
[5972] 26 Feb 15:52:59 # Server exit now, bye bye...
[2080] 26 Feb 15:52:59 # User requested shutdown, saving DB...
[2080] 26 Feb 15:53:00 # 1349440 bytes used at exit
[2080] 26 Feb 15:53:00 # Server exit now, bye bye...
[5564] 26 Feb 16:44:31 # User requested shutdown, saving DB...
[5564] 26 Feb 16:44:31 # There is a live saving child. Killing it!
[5564] 26 Feb 16:44:31 # 1498264 bytes used at exit
[5564] 26 Feb 16:44:31 # Server exit now, bye bye...
[4880] 26 Feb 16:44:31 # User requested shutdown, saving DB...
[4880] 26 Feb 16:44:31 # 1349440 bytes used at exit
[4880] 26 Feb 16:44:31 # Server exit now, bye bye...
[5692] 26 Feb 17:42:55 # User requested shutdown, saving DB...
[5692] 26 Feb 17:42:55 # There is a live saving child. Killing it!
[5692] 26 Feb 17:42:55 # 1354264 bytes used at exit
[5692] 26 Feb 17:42:55 # Server exit now, bye bye...
[2084] 26 Feb 17:42:55 # User requested shutdown, saving DB...
[2084] 26 Feb 17:42:55 # 1349440 bytes used at exit
[2084] 26 Feb 17:42:55 # Server exit now, bye bye...
[9800] 26 Feb 20:10:15 # User requested shutdown, saving DB...
[9800] 26 Feb 20:10:15 # There is a live saving child. Killing it!
[9800] 26 Feb 20:10:15 # 1349476 bytes used at exit
[9800] 26 Feb 20:10:15 # Server exit now, bye bye...
[9544] 26 Feb 20:10:16 # User requested shutdown, saving DB...
[9544] 26 Feb 20:10:16 # 1349440 bytes used at exit
[9544] 26 Feb 20:10:16 # Server exit now, bye bye...
[6096] 27 Feb 09:59:52 # User requested shutdown, saving DB...
[6096] 27 Feb 09:59:52 # There is a live saving child. Killing it!
[6096] 27 Feb 09:59:52 # 1349476 bytes used at exit
[6096] 27 Feb 09:59:52 # Server exit now, bye bye...
[5404] 27 Feb 09:59:53 # User requested shutdown, saving DB...
[5404] 27 Feb 09:59:53 # 1349440 bytes used at exit
[5404] 27 Feb 09:59:53 # Server exit now, bye bye...
[5996] 27 Feb 10:01:41 # User requested shutdown, saving DB...
[5996] 27 Feb 10:01:41 # There is a live saving child. Killing it!
[5996] 27 Feb 10:01:41 # 1354236 bytes used at exit
[5996] 27 Feb 10:01:41 # Server exit now, bye bye...
[7908] 27 Feb 10:01:42 # User requested shutdown, saving DB...
[7908] 27 Feb 10:01:42 # 1349440 bytes used at exit
[7908] 27 Feb 10:01:42 # Server exit now, bye bye...
[7660] 27 Feb 10:24:20 # User requested shutdown, saving DB...
[7660] 27 Feb 10:24:20 # There is a live saving child. Killing it!
[7660] 27 Feb 10:24:20 # 1353544 bytes used at exit
[7660] 27 Feb 10:24:20 # Server exit now, bye bye...
[7152] 27 Feb 10:24:21 # User requested shutdown, saving DB...
[7152] 27 Feb 10:24:21 # 1349440 bytes used at exit
[7152] 27 Feb 10:24:21 # Server exit now, bye bye...
[1708] 27 Feb 11:12:01 # User requested shutdown, saving DB...
[1708] 27 Feb 11:12:01 # There is a live saving child. Killing it!
[1708] 27 Feb 11:12:01 # 1353544 bytes used at exit
[1708] 27 Feb 11:12:01 # Server exit now, bye bye...
[4296] 27 Feb 14:13:59 # User requested shutdown, saving DB...
[4296] 27 Feb 14:13:59 # There is a live saving child. Killing it!
[4296] 27 Feb 14:13:59 # 1349476 bytes used at exit
[4296] 27 Feb 14:13:59 # Server exit now, bye bye...
[5584] 27 Feb 14:15:12 # User requested shutdown, saving DB...
[5584] 27 Feb 14:15:12 # There is a live saving child. Killing it!
[5584] 27 Feb 14:15:12 # 1349476 bytes used at exit
[5584] 27 Feb 14:15:12 # Server exit now, bye bye...
[5256] 27 Feb 14:20:49 # User requested shutdown, saving DB...
[5256] 27 Feb 14:20:49 # There is a live saving child. Killing it!
[5256] 27 Feb 14:20:49 # 1349476 bytes used at exit
[5256] 27 Feb 14:20:49 # Server exit now, bye bye...
[6940] 27 Feb 14:22:43 # User requested shutdown, saving DB...
[6940] 27 Feb 14:22:43 # There is a live saving child. Killing it!
[6940] 27 Feb 14:22:43 # 1353544 bytes used at exit
[6940] 27 Feb 14:22:43 # Server exit now, bye bye...
[3320] 27 Feb 14:22:56 # User requested shutdown, saving DB...
[3320] 27 Feb 14:22:56 # There is a live saving child. Killing it!
[3320] 27 Feb 14:22:56 # 1349476 bytes used at exit
[3320] 27 Feb 14:22:56 # Server exit now, bye bye...
[2736] 27 Feb 14:34:05 # User requested shutdown, saving DB...
[2736] 27 Feb 14:34:05 # There is a live saving child. Killing it!
[2736] 27 Feb 14:34:05 # 1349476 bytes used at exit
[2736] 27 Feb 14:34:05 # Server exit now, bye bye...
[3412] 27 Feb 14:34:27 # User requested shutdown, saving DB...
[3412] 27 Feb 14:34:27 # There is a live saving child. Killing it!
[3412] 27 Feb 14:34:27 # 1349476 bytes used at exit
[3412] 27 Feb 14:34:27 # Server exit now, bye bye...
[6156] 27 Feb 14:35:37 # User requested shutdown, saving DB...
[6156] 27 Feb 14:35:37 # There is a live saving child. Killing it!
[6156] 27 Feb 14:35:37 # 1349476 bytes used at exit
[6156] 27 Feb 14:35:37 # Server exit now, bye bye...
[6576] 27 Feb 14:36:04 # User requested shutdown, saving DB...
[6576] 27 Feb 14:36:04 # There is a live saving child. Killing it!
[6576] 27 Feb 14:36:04 # 1349476 bytes used at exit
[6576] 27 Feb 14:36:04 # Server exit now, bye bye...
[5256] 27 Feb 14:36:43 # User requested shutdown, saving DB...
[5256] 27 Feb 14:36:43 # There is a live saving child. Killing it!
[5256] 27 Feb 14:36:43 # 1349476 bytes used at exit
[5256] 27 Feb 14:36:43 # Server exit now, bye bye...
[5188] 27 Feb 14:42:58 # User requested shutdown, saving DB...
[5188] 27 Feb 14:42:58 # There is a live saving child. Killing it!
[5188] 27 Feb 14:42:58 # 1349476 bytes used at exit
[5188] 27 Feb 14:42:58 # Server exit now, bye bye...
[3208] 27 Feb 14:42:59 # User requested shutdown, saving DB...
[3208] 27 Feb 14:42:59 # 1349440 bytes used at exit
[3208] 27 Feb 14:42:59 # Server exit now, bye bye...
[4052] 27 Feb 14:52:41 # User requested shutdown, saving DB...
[4052] 27 Feb 14:52:41 # There is a live saving child. Killing it!
[4052] 27 Feb 14:52:41 # 1349476 bytes used at exit
[4052] 27 Feb 14:52:41 # Server exit now, bye bye...
[5248] 27 Feb 14:59:32 # User requested shutdown, saving DB...
[5248] 27 Feb 14:59:32 # There is a live saving child. Killing it!
[5248] 27 Feb 14:59:32 # 1349476 bytes used at exit
[5248] 27 Feb 14:59:32 # Server exit now, bye bye...
[2584] 27 Feb 15:00:53 # User requested shutdown, saving DB...
[2584] 27 Feb 15:00:53 # There is a live saving child. Killing it!
[2584] 27 Feb 15:00:53 # 1353544 bytes used at exit
[2584] 27 Feb 15:00:53 # Server exit now, bye bye...
[2212] 05 Mar 10:23:18 # User requested shutdown, saving DB...
[2212] 05 Mar 10:23:18 # There is a live saving child. Killing it!
[2212] 05 Mar 10:23:18 # 1353544 bytes used at exit
[2212] 05 Mar 10:23:18 # Server exit now, bye bye...
[4232] 05 Mar 15:30:52 # User requested shutdown, saving DB...
[4232] 05 Mar 15:30:52 # There is a live saving child. Killing it!
[4232] 05 Mar 15:30:52 # 1354228 bytes used at exit
[4232] 05 Mar 15:30:52 # Server exit now, bye bye...
[7060] 05 Mar 15:30:58 # Opening TCP port: bind: Address already in use

[7424] 05 Mar 15:30:59 # Opening TCP port: bind: Address already in use

[7456] 05 Mar 15:31:00 # Opening TCP port: bind: Address already in use

[2988] 05 Mar 15:31:01 # Opening TCP port: bind: Address already in use

[7512] 05 Mar 15:31:02 # Opening TCP port: bind: Address already in use

[7552] 05 Mar 15:31:03 # Opening TCP port: bind: Address already in use

[7588] 05 Mar 15:31:04 # Opening TCP port: bind: Address already in use

[7504] 05 Mar 15:31:05 # Opening TCP port: bind: Address already in use

[7632] 05 Mar 15:31:07 # Opening TCP port: bind: Address already in use

[7692] 05 Mar 15:31:08 # Opening TCP port: bind: Address already in use

[7616] 05 Mar 15:31:09 # Opening TCP port: bind: Address already in use

[7804] 05 Mar 15:31:10 # Opening TCP port: bind: Address already in use

[7940] 05 Mar 15:31:11 # Opening TCP port: bind: Address already in use

[8096] 05 Mar 15:31:12 # Opening TCP port: bind: Address already in use

[5920] 05 Mar 15:31:14 # Opening TCP port: bind: Address already in use

[5680] 05 Mar 15:31:16 # Opening TCP port: bind: Address already in use

[4968] 05 Mar 15:31:17 # Opening TCP port: bind: Address already in use

[4260] 05 Mar 15:31:18 # Opening TCP port: bind: Address already in use

[3748] 05 Mar 15:31:19 # Opening TCP port: bind: Address already in use

[4356] 05 Mar 15:31:20 # Opening TCP port: bind: Address already in use

[5492] 05 Mar 20:17:53 # User requested shutdown, saving DB...
[5492] 05 Mar 20:17:53 # There is a live saving child. Killing it!
[5492] 05 Mar 20:17:54 # 1354228 bytes used at exit
[5492] 05 Mar 20:17:54 # Server exit now, bye bye...
[3500] 05 Mar 20:18:43 # Opening TCP port: bind: Address already in use

[7492] 05 Mar 20:18:44 # Opening TCP port: bind: Address already in use

[5764] 05 Mar 20:18:45 # Opening TCP port: bind: Address already in use

[7192] 05 Mar 20:18:46 # Opening TCP port: bind: Address already in use

[6152] 05 Mar 20:18:47 # Opening TCP port: bind: Address already in use

[6244] 05 Mar 20:18:49 # Opening TCP port: bind: Address already in use

[6376] 05 Mar 20:18:50 # Opening TCP port: bind: Address already in use

[4268] 05 Mar 20:18:51 # Opening TCP port: bind: Address already in use

[6480] 05 Mar 20:18:52 # Opening TCP port: bind: Address already in use

[6460] 05 Mar 20:18:53 # Opening TCP port: bind: Address already in use

[6424] 05 Mar 20:18:54 # Opening TCP port: bind: Address already in use

[6572] 05 Mar 20:18:55 # Opening TCP port: bind: Address already in use

[6600] 05 Mar 20:18:57 # Opening TCP port: bind: Address already in use

[6688] 05 Mar 20:18:58 # Opening TCP port: bind: Address already in use

[8000] 05 Mar 20:18:59 # Opening TCP port: bind: Address already in use

[6880] 05 Mar 20:19:00 # Opening TCP port: bind: Address already in use

[6060] 05 Mar 20:19:02 # Opening TCP port: bind: Address already in use

[2144] 05 Mar 20:19:03 # Opening TCP port: bind: Address already in use

[4968] 05 Mar 20:19:04 # Opening TCP port: bind: Address already in use

[7252] 05 Mar 20:19:05 # Opening TCP port: bind: Address already in use

[2660] 05 Mar 20:19:06 # Opening TCP port: bind: Address already in use

[4132] 05 Mar 20:19:07 # Opening TCP port: bind: Address already in use

[6208] 05 Mar 20:19:08 # Opening TCP port: bind: Address already in use

[6256] 05 Mar 20:19:09 # Opening TCP port: bind: Address already in use

[6288] 05 Mar 20:19:10 # Opening TCP port: bind: Address already in use

[4912] 05 Mar 20:19:11 # Opening TCP port: bind: Address already in use

[6336] 05 Mar 20:19:13 # Opening TCP port: bind: Address already in use

[5812] 05 Mar 20:19:14 # Opening TCP port: bind: Address already in use

[8016] 05 Mar 20:19:15 # Opening TCP port: bind: Address already in use

[6616] 05 Mar 20:19:47 # Opening TCP port: bind: Address already in use

[8140] 05 Mar 20:19:48 # Opening TCP port: bind: Address already in use

[7768] 05 Mar 20:19:49 # Opening TCP port: bind: Address already in use

[6768] 05 Mar 20:19:51 # Opening TCP port: bind: Address already in use

[6808] 05 Mar 20:19:52 # Opening TCP port: bind: Address already in use

[6816] 05 Mar 20:19:53 # Opening TCP port: bind: Address already in use

[6852] 05 Mar 20:19:54 # Opening TCP port: bind: Address already in use

[2968] 05 Mar 20:19:55 # Opening TCP port: bind: Address already in use

[6888] 05 Mar 20:19:56 # Opening TCP port: bind: Address already in use

[2164] 05 Mar 20:19:57 # Opening TCP port: bind: Address already in use

[5440] 05 Mar 20:19:58 # Opening TCP port: bind: Address already in use

[4508] 05 Mar 20:19:59 # Opening TCP port: bind: Address already in use

[2872] 05 Mar 20:20:01 # Opening TCP port: bind: Address already in use

[1328] 05 Mar 20:20:02 # Opening TCP port: bind: Address already in use

[5396] 12 Mar 16:16:18 # User requested shutdown, saving DB...
[5396] 12 Mar 16:16:18 # There is a live saving child. Killing it!
[5396] 12 Mar 16:16:18 # 1497580 bytes used at exit
[5396] 12 Mar 16:16:18 # Server exit now, bye bye...
[7236] 12 Mar 19:59:37 # User requested shutdown, saving DB...
[7236] 12 Mar 19:59:37 # There is a live saving child. Killing it!
[7236] 12 Mar 19:59:37 # 1497580 bytes used at exit
[7236] 12 Mar 19:59:37 # Server exit now, bye bye...
[4480] 14 Mar 18:32:59 # User requested shutdown, saving DB...
[4480] 14 Mar 18:32:59 # There is a live saving child. Killing it!
[4480] 14 Mar 18:33:00 # 1355048 bytes used at exit
[4480] 14 Mar 18:33:00 # Server exit now, bye bye...
[2788] 20 Mar 13:50:04 # User requested shutdown, saving DB...
[2788] 20 Mar 13:50:04 # There is a live saving child. Killing it!
[2788] 20 Mar 13:50:04 # 1355048 bytes used at exit
[2788] 20 Mar 13:50:04 # Server exit now, bye bye...
[984] 25 Mar 18:38:31 # User requested shutdown, saving DB...
[984] 25 Mar 18:38:31 # There is a live saving child. Killing it!
[984] 25 Mar 18:38:31 # 1355740 bytes used at exit
[984] 25 Mar 18:38:31 # Server exit now, bye bye...
[6996] 25 Mar 18:39:18 # User requested shutdown, saving DB...
[6996] 25 Mar 18:39:18 # There is a live saving child. Killing it!
[6996] 25 Mar 18:39:18 # 1355724 bytes used at exit
[6996] 25 Mar 18:39:18 # Server exit now, bye bye...
[5600] 27 Mar 11:49:06 # User requested shutdown, saving DB...
[5600] 27 Mar 11:49:06 # 1355740 bytes used at exit
[5600] 27 Mar 11:49:06 # Server exit now, bye bye...
[1492] 02 Apr 17:26:27 # User requested shutdown, saving DB...
[1492] 02 Apr 17:26:27 # 1355048 bytes used at exit
[1492] 02 Apr 17:26:27 # Server exit now, bye bye...
[7984] 02 Apr 17:27:53 # User requested shutdown, saving DB...
[7984] 02 Apr 17:27:53 # 1355768 bytes used at exit
[7984] 02 Apr 17:27:53 # Server exit now, bye bye...
[7556] 02 Apr 17:54:11 # User requested shutdown, saving DB...
[7556] 02 Apr 17:54:11 # 1355048 bytes used at exit
[7556] 02 Apr 17:54:11 # Server exit now, bye bye...
[8048] 02 Apr 17:55:28 # Opening TCP port: bind: Address already in use

[7744] 02 Apr 17:55:29 # Opening TCP port: bind: Address already in use

[4216] 02 Apr 17:55:31 # Opening TCP port: bind: Address already in use

[6484] 02 Apr 17:55:32 # Opening TCP port: bind: Address already in use

[4868] 02 Apr 17:55:33 # Opening TCP port: bind: Address already in use

[6852] 02 Apr 17:55:34 # User requested shutdown, saving DB...
[6852] 02 Apr 17:55:34 # 1350944 bytes used at exit
[6852] 02 Apr 17:55:34 # Server exit now, bye bye...
[6172] 02 Apr 17:55:34 # User requested shutdown, saving DB...
[6172] 02 Apr 17:55:34 # 1350980 bytes used at exit
[6172] 02 Apr 17:55:34 # Server exit now, bye bye...
[7924] 02 Apr 19:02:10 # User requested shutdown, saving DB...
[7924] 02 Apr 19:02:10 # 1355048 bytes used at exit
[7924] 02 Apr 19:02:10 # Server exit now, bye bye...
[5980] 03 Apr 10:15:31 # User requested shutdown, saving DB...
[5980] 03 Apr 10:15:31 # 456592 bytes used at exit
[5980] 03 Apr 10:15:31 # Server exit now, bye bye...
[7136] 03 Apr 11:02:34 # User requested shutdown, saving DB...
[7136] 03 Apr 11:02:34 # 459836 bytes used at exit
[7136] 03 Apr 11:02:34 # Server exit now, bye bye...
[6832] 03 Apr 11:27:24 # User requested shutdown, saving DB...
[6832] 03 Apr 11:27:24 # 459728 bytes used at exit
[6832] 03 Apr 11:27:24 # Server exit now, bye bye...
[6760] 03 Apr 11:49:34 # User requested shutdown, saving DB...
[6760] 03 Apr 11:49:34 # 459512 bytes used at exit
[6760] 03 Apr 11:49:34 # Server exit now, bye bye...
[6456] 03 Apr 11:49:37 # Opening TCP port: bind: Address already in use

[5048] 03 Apr 11:49:38 # Opening TCP port: bind: Address already in use

[4960] 03 Apr 11:49:40 # Opening TCP port: bind: Address already in use

[5304] 03 Apr 11:49:41 # Opening TCP port: bind: Address already in use

[4696] 03 Apr 11:49:42 # Opening TCP port: bind: Address already in use

[4940] 03 Apr 11:49:42 # User requested shutdown, saving DB...
[4940] 03 Apr 11:49:42 # 454048 bytes used at exit
[4940] 03 Apr 11:49:42 # Server exit now, bye bye...
[7008] 03 Apr 11:49:43 # User requested shutdown, saving DB...
[7008] 03 Apr 11:49:43 # 454048 bytes used at exit
[7008] 03 Apr 11:49:43 # Server exit now, bye bye...
[6140] 03 Apr 12:06:28 # User requested shutdown, saving DB...
[6140] 03 Apr 12:06:28 # 466228 bytes used at exit
[6140] 03 Apr 12:06:28 # Server exit now, bye bye...
[7848] 03 Apr 12:56:36 # User requested shutdown, saving DB...
[7848] 03 Apr 12:56:36 # 488288 bytes used at exit
[7848] 03 Apr 12:56:36 # Server exit now, bye bye...
[3152] 03 Apr 13:27:56 # User requested shutdown, saving DB...
[3152] 03 Apr 13:27:56 # 460576 bytes used at exit
[3152] 03 Apr 13:27:56 # Server exit now, bye bye...
[8052] 03 Apr 13:37:42 # User requested shutdown, saving DB...
[8052] 03 Apr 13:37:42 # 479264 bytes used at exit
[8052] 03 Apr 13:37:42 # Server exit now, bye bye...
[6356] 03 Apr 13:56:42 # User requested shutdown, saving DB...
[6356] 03 Apr 13:56:42 # 479700 bytes used at exit
[6356] 03 Apr 13:56:42 # Server exit now, bye bye...
[3592] 03 Apr 14:02:50 # User requested shutdown, saving DB...
[3592] 03 Apr 14:02:51 # 479380 bytes used at exit
[3592] 03 Apr 14:02:51 # Server exit now, bye bye...
[6296] 03 Apr 14:17:18 # User requested shutdown, saving DB...
[6296] 03 Apr 14:17:18 # 479400 bytes used at exit
[6296] 03 Apr 14:17:18 # Server exit now, bye bye...
[6284] 03 Apr 14:29:00 # User requested shutdown, saving DB...
[6284] 03 Apr 14:29:01 # 479036 bytes used at exit
[6284] 03 Apr 14:29:01 # Server exit now, bye bye...
[3740] 03 Apr 14:33:47 # User requested shutdown, saving DB...
[3740] 03 Apr 14:33:47 # 479400 bytes used at exit
[3740] 03 Apr 14:33:47 # Server exit now, bye bye...
[5620] 03 Apr 14:41:08 # User requested shutdown, saving DB...
[5620] 03 Apr 14:41:08 # 498532 bytes used at exit
[5620] 03 Apr 14:41:08 # Server exit now, bye bye...
[7480] 03 Apr 14:45:33 # User requested shutdown, saving DB...
[7480] 03 Apr 14:45:33 # 498740 bytes used at exit
[7480] 03 Apr 14:45:33 # Server exit now, bye bye...
[6304] 03 Apr 15:27:06 # User requested shutdown, saving DB...
[6304] 03 Apr 15:27:06 # 480884 bytes used at exit
[6304] 03 Apr 15:27:06 # Server exit now, bye bye...
[7404] 03 Apr 18:08:40 # User requested shutdown, saving DB...
[7404] 03 Apr 18:08:40 # 853188 bytes used at exit
[7404] 03 Apr 18:08:40 # Server exit now, bye bye...
[4812] 03 Apr 19:29:05 # User requested shutdown, saving DB...
[4812] 03 Apr 19:29:05 # 3951708 bytes used at exit
[4812] 03 Apr 19:29:05 # Server exit now, bye bye...
[4924] 03 Apr 19:54:07 # User requested shutdown, saving DB...
[4924] 03 Apr 19:54:07 # 3203732 bytes used at exit
[4924] 03 Apr 19:54:07 # Server exit now, bye bye...
[7828] 03 Apr 20:13:01 # User requested shutdown, saving DB...
[7828] 03 Apr 20:13:01 # 2775820 bytes used at exit
[7828] 03 Apr 20:13:01 # Server exit now, bye bye...
[6908] 03 Apr 20:26:02 # User requested shutdown, saving DB...
[6908] 03 Apr 20:26:02 # 2775848 bytes used at exit
[6908] 03 Apr 20:26:02 # Server exit now, bye bye...
[4604] 07 Apr 09:57:09 # User requested shutdown, saving DB...
[4604] 07 Apr 09:57:09 # 3166244 bytes used at exit
[4604] 07 Apr 09:57:09 # Server exit now, bye bye...
[4072] 07 Apr 10:17:01 # User requested shutdown, saving DB...
[4072] 07 Apr 10:17:02 # 3167876 bytes used at exit
[4072] 07 Apr 10:17:02 # Server exit now, bye bye...
[7472] 07 Apr 11:38:50 # User requested shutdown, saving DB...
[7472] 07 Apr 11:38:50 # 2774776 bytes used at exit
[7472] 07 Apr 11:38:50 # Server exit now, bye bye...
[7928] 07 Apr 11:42:17 # User requested shutdown, saving DB...
[7928] 07 Apr 11:42:17 # 2774688 bytes used at exit
[7928] 07 Apr 11:42:17 # Server exit now, bye bye...
[3952] 07 Apr 11:45:53 # User requested shutdown, saving DB...
[3952] 07 Apr 11:45:53 # 2774688 bytes used at exit
[3952] 07 Apr 11:45:53 # Server exit now, bye bye...
[5828] 07 Apr 11:47:43 # User requested shutdown, saving DB...
[5828] 07 Apr 11:47:43 # 2774312 bytes used at exit
[5828] 07 Apr 11:47:43 # Server exit now, bye bye...
[1336] 07 Apr 11:56:55 # User requested shutdown, saving DB...
[1336] 07 Apr 11:56:56 # 2774312 bytes used at exit
[1336] 07 Apr 11:56:56 # Server exit now, bye bye...
[5692] 07 Apr 11:57:00 # Opening TCP port: bind: Address already in use

[5376] 07 Apr 11:57:01 # Opening TCP port: bind: Address already in use

[5676] 07 Apr 11:57:02 # Opening TCP port: bind: Address already in use

[5808] 07 Apr 11:57:03 # Opening TCP port: bind: Address already in use

[7560] 07 Apr 11:57:04 # User requested shutdown, saving DB...
[7560] 07 Apr 11:57:04 # 2768948 bytes used at exit
[7560] 07 Apr 11:57:04 # Server exit now, bye bye...
[6712] 07 Apr 11:57:04 # User requested shutdown, saving DB...
[6712] 07 Apr 11:57:04 # 2768948 bytes used at exit
[6712] 07 Apr 11:57:04 # Server exit now, bye bye...
[7888] 07 Apr 12:01:44 # User requested shutdown, saving DB...
[7888] 07 Apr 12:01:44 # 2774500 bytes used at exit
[7888] 07 Apr 12:01:44 # Server exit now, bye bye...
[5572] 07 Apr 13:57:43 # User requested shutdown, saving DB...
[5572] 07 Apr 13:57:43 # 3165560 bytes used at exit
[5572] 07 Apr 13:57:43 # Server exit now, bye bye...
[7372] 07 Apr 13:58:08 # Opening TCP port: bind: Address already in use

[7252] 07 Apr 13:58:10 # Opening TCP port: bind: Address already in use

[6620] 07 Apr 13:58:11 # Opening TCP port: bind: Address already in use

[4324] 07 Apr 13:58:11 # User requested shutdown, saving DB...
[4324] 07 Apr 13:58:11 # 2768336 bytes used at exit
[4324] 07 Apr 13:58:11 # Server exit now, bye bye...
[2176] 07 Apr 13:58:12 # User requested shutdown, saving DB...
[2176] 07 Apr 13:58:12 # 2768336 bytes used at exit
[2176] 07 Apr 13:58:12 # Server exit now, bye bye...
[4148] 07 Apr 17:25:46 # User requested shutdown, saving DB...
[4148] 07 Apr 17:25:47 # 3251784 bytes used at exit
[4148] 07 Apr 17:25:47 # Server exit now, bye bye...
[4152] 07 Apr 17:46:32 # User requested shutdown, saving DB...
[4152] 07 Apr 17:46:32 # 3360244 bytes used at exit
[4152] 07 Apr 17:46:32 # Server exit now, bye bye...
[5700] 07 Apr 18:35:30 # Can't save in background: fork: Resource temporarily unavailable
[6140] 18 Apr 14:37:49 # User requested shutdown, saving DB...
[6140] 18 Apr 14:37:49 # 3360428 bytes used at exit
[6140] 18 Apr 14:37:49 # Server exit now, bye bye...
[7472] 18 Apr 14:38:50 # User requested shutdown, saving DB...
[7472] 18 Apr 14:38:50 # 1475028 bytes used at exit
[7472] 18 Apr 14:38:50 # Server exit now, bye bye...
[8036] 18 Apr 14:56:29 # User requested shutdown, saving DB...
[8036] 18 Apr 14:56:29 # 458116 bytes used at exit
[8036] 18 Apr 14:56:29 # Server exit now, bye bye...
[5632] 18 Apr 16:26:09 # User requested shutdown, saving DB...
[5632] 18 Apr 16:26:10 # 3179684 bytes used at exit
[5632] 18 Apr 16:26:10 # Server exit now, bye bye...
[5960] 18 Apr 18:09:03 # User requested shutdown, saving DB...
[5960] 18 Apr 18:09:03 # 2956288 bytes used at exit
[5960] 18 Apr 18:09:03 # Server exit now, bye bye...
[6044] 18 Apr 19:07:15 # User requested shutdown, saving DB...
[6044] 18 Apr 19:07:15 # 2563276 bytes used at exit
[6044] 18 Apr 19:07:15 # Server exit now, bye bye...
[6796] 18 Apr 19:48:17 # User requested shutdown, saving DB...
[6796] 18 Apr 19:48:17 # 2956072 bytes used at exit
[6796] 18 Apr 19:48:17 # Server exit now, bye bye...
