2011-05-31 19:30:49,046 INFO started
2011-05-31 19:30:49,217 INFO logon: <WSGIRequest
GET:<QueryDict: {u'next': [u'/data/index/']}>,
POST:<QueryDict: {}>,
COOKIES:{'sessionid': '5dbe010cd9dc732923cd4ff8a1ba4eff',
 'sessionidadms': '5d368d0a9a93d41068f119427fa1cb82'},
META:{'ACTUAL_SERVER_PROTOCOL': 'HTTP/1.1',
 'AUTH_TYPE': '',
 'HTTP_ACCEPT': 'application/xml,application/xhtml+xml,text/html;q=0.9,text/plain;q=0.8,image/png,*/*;q=0.5',
 'HTTP_ACCEPT_CHARSET': 'GBK,utf-8;q=0.7,*;q=0.3',
 'HTTP_ACCEPT_ENCODING': 'gzip,deflate,sdch',
 'HTTP_ACCEPT_LANGUAGE': 'zh-CN,zh;q=0.8',
 'HTTP_CONNECTION': 'keep-alive',
 'HTTP_COOKIE': 'sessionid=5dbe010cd9dc732923cd4ff8a1ba4eff; sessionidadms=5d368d0a9a93d41068f119427fa1cb82',
 'HTTP_HOST': '127.0.0.1:8099',
 'HTTP_USER_AGENT': 'Mozilla/5.0 (Windows NT 5.1) AppleWebKit/534.24 (KHTML, like Gecko) Chrome/11.0.696.16 Safari/534.24',
 'PATH_INFO': u'/accounts/login/',
 'QUERY_STRING': 'next=/data/index/',
 'REMOTE_ADDR': '127.0.0.1',
 'REMOTE_PORT': '21966',
 'REQUEST_METHOD': 'GET',
 'SCRIPT_NAME': u'',
 'SERVER_NAME': 'www.bio-Device.com',
 'SERVER_PORT': '8099',
 'SERVER_PROTOCOL': 'HTTP/1.1',
 'SERVER_SOFTWARE': 'CherryPy/3.1.0beta3 WSGI Server',
 'wsgi.errors': <open file '<stderr>', mode 'w' at 0x00AA30C0>,
 'wsgi.input': <wsgiserver.SizeCheckWrapper object at 0x3271E5D0>,
 'wsgi.multiprocess': False,
 'wsgi.multithread': True,
 'wsgi.run_once': False,
 'wsgi.url_scheme': 'http',
 'wsgi.version': (1, 0)}>
2011-05-31 19:30:58,483 INFO logon: <WSGIRequest
GET:<QueryDict: {u'next': [u'/data/index/']}>,
POST:<QueryDict: {u'username': [u'admin'], u'client_language': [u'zh-cn'], u'template10': [u''], u'template9': [u''], u'finnger10': [u''], u'fpflag': [u'pwdlogin'], u'password': [u'admin'], u'finnger9': [u'']}>,
COOKIES:{'sessionid': '5dbe010cd9dc732923cd4ff8a1ba4eff',
 'sessionidadms': 'a298e337a06c9667648eca882e434af6'},
META:{'ACTUAL_SERVER_PROTOCOL': 'HTTP/1.1',
 'AUTH_TYPE': '',
 'CONTENT_LENGTH': '111',
 'CONTENT_TYPE': 'application/x-www-form-urlencoded',
 'HTTP_ACCEPT': 'text/html, */*',
 'HTTP_ACCEPT_CHARSET': 'GBK,utf-8;q=0.7,*;q=0.3',
 'HTTP_ACCEPT_ENCODING': 'gzip,deflate,sdch',
 'HTTP_ACCEPT_LANGUAGE': 'zh-CN,zh;q=0.8',
 'HTTP_CONNECTION': 'keep-alive',
 'HTTP_COOKIE': 'sessionid=5dbe010cd9dc732923cd4ff8a1ba4eff; sessionidadms=a298e337a06c9667648eca882e434af6',
 'HTTP_HOST': '127.0.0.1:8099',
 'HTTP_ORIGIN': 'http://127.0.0.1:8099',
 'HTTP_REFERER': 'http://127.0.0.1:8099/accounts/login/?next=/data/index/',
 'HTTP_USER_AGENT': 'Mozilla/5.0 (Windows NT 5.1) AppleWebKit/534.24 (KHTML, like Gecko) Chrome/11.0.696.16 Safari/534.24',
 'HTTP_X_REQUESTED_WITH': 'XMLHttpRequest',
 'PATH_INFO': u'/accounts/login/',
 'QUERY_STRING': 'next=/data/index/',
 'REMOTE_ADDR': '127.0.0.1',
 'REMOTE_PORT': '21975',
 'REQUEST_METHOD': 'POST',
 'SCRIPT_NAME': u'',
 'SERVER_NAME': 'www.bio-Device.com',
 'SERVER_PORT': '8099',
 'SERVER_PROTOCOL': 'HTTP/1.1',
 'SERVER_SOFTWARE': 'CherryPy/3.1.0beta3 WSGI Server',
 'wsgi.errors': <open file '<stderr>', mode 'w' at 0x00AA30C0>,
 'wsgi.input': <wsgiserver.SizeCheckWrapper object at 0x32730990>,
 'wsgi.multiprocess': False,
 'wsgi.multithread': True,
 'wsgi.run_once': False,
 'wsgi.url_scheme': 'http',
 'wsgi.version': (1, 0)}>
2011-05-31 19:31:02,780 INFO logon: <WSGIRequest
GET:<QueryDict: {u'next': [u'/data/index/']}>,
POST:<QueryDict: {u'username': [u'admin'], u'client_language': [u'zh-cn'], u'template10': [u''], u'template9': [u''], u'finnger10': [u''], u'fpflag': [u'pwdlogin'], u'password': [u'admin'], u'finnger9': [u'']}>,
COOKIES:{'sessionid': '5dbe010cd9dc732923cd4ff8a1ba4eff',
 'sessionidadms': '9ec9b2f521fbe9bd5aa09ec20ca8e215'},
META:{'ACTUAL_SERVER_PROTOCOL': 'HTTP/1.1',
 'AUTH_TYPE': '',
 'CONTENT_LENGTH': '111',
 'CONTENT_TYPE': 'application/x-www-form-urlencoded',
 'HTTP_ACCEPT': 'text/html, */*',
 'HTTP_ACCEPT_CHARSET': 'GBK,utf-8;q=0.7,*;q=0.3',
 'HTTP_ACCEPT_ENCODING': 'gzip,deflate,sdch',
 'HTTP_ACCEPT_LANGUAGE': 'zh-CN,zh;q=0.8',
 'HTTP_CONNECTION': 'keep-alive',
 'HTTP_COOKIE': 'sessionid=5dbe010cd9dc732923cd4ff8a1ba4eff; sessionidadms=9ec9b2f521fbe9bd5aa09ec20ca8e215',
 'HTTP_HOST': '127.0.0.1:8099',
 'HTTP_ORIGIN': 'http://127.0.0.1:8099',
 'HTTP_REFERER': 'http://127.0.0.1:8099/accounts/login/?next=/data/index/',
 'HTTP_USER_AGENT': 'Mozilla/5.0 (Windows NT 5.1) AppleWebKit/534.24 (KHTML, like Gecko) Chrome/11.0.696.16 Safari/534.24',
 'HTTP_X_REQUESTED_WITH': 'XMLHttpRequest',
 'PATH_INFO': u'/accounts/login/',
 'QUERY_STRING': 'next=/data/index/',
 'REMOTE_ADDR': '127.0.0.1',
 'REMOTE_PORT': '21975',
 'REQUEST_METHOD': 'POST',
 'SCRIPT_NAME': u'',
 'SERVER_NAME': 'www.bio-Device.com',
 'SERVER_PORT': '8099',
 'SERVER_PROTOCOL': 'HTTP/1.1',
 'SERVER_SOFTWARE': 'CherryPy/3.1.0beta3 WSGI Server',
 'wsgi.errors': <open file '<stderr>', mode 'w' at 0x00AA30C0>,
 'wsgi.input': <wsgiserver.SizeCheckWrapper object at 0x32730990>,
 'wsgi.multiprocess': False,
 'wsgi.multithread': True,
 'wsgi.run_once': False,
 'wsgi.url_scheme': 'http',
 'wsgi.version': (1, 0)}>
2011-05-31 19:31:15,405 INFO logon: <WSGIRequest
GET:<QueryDict: {u'next': [u'/data/index/']}>,
POST:<QueryDict: {}>,
COOKIES:{'sessionid': '5dbe010cd9dc732923cd4ff8a1ba4eff',
 'sessionidadms': '2816614d7ef52f27578a6ab3307d4405'},
META:{'ACTUAL_SERVER_PROTOCOL': 'HTTP/1.1',
 'AUTH_TYPE': '',
 'HTTP_ACCEPT': 'application/xml,application/xhtml+xml,text/html;q=0.9,text/plain;q=0.8,image/png,*/*;q=0.5',
 'HTTP_ACCEPT_CHARSET': 'GBK,utf-8;q=0.7,*;q=0.3',
 'HTTP_ACCEPT_ENCODING': 'gzip,deflate,sdch',
 'HTTP_ACCEPT_LANGUAGE': 'zh-CN,zh;q=0.8',
 'HTTP_CACHE_CONTROL': 'max-age=0',
 'HTTP_CONNECTION': 'keep-alive',
 'HTTP_COOKIE': 'sessionid=5dbe010cd9dc732923cd4ff8a1ba4eff; sessionidadms=2816614d7ef52f27578a6ab3307d4405',
 'HTTP_HOST': '127.0.0.1:8099',
 'HTTP_USER_AGENT': 'Mozilla/5.0 (Windows NT 5.1) AppleWebKit/534.24 (KHTML, like Gecko) Chrome/11.0.696.16 Safari/534.24',
 'PATH_INFO': u'/accounts/login/',
 'QUERY_STRING': 'next=/data/index/',
 'REMOTE_ADDR': '127.0.0.1',
 'REMOTE_PORT': '21999',
 'REQUEST_METHOD': 'GET',
 'SCRIPT_NAME': u'',
 'SERVER_NAME': 'www.bio-Device.com',
 'SERVER_PORT': '8099',
 'SERVER_PROTOCOL': 'HTTP/1.1',
 'SERVER_SOFTWARE': 'CherryPy/3.1.0beta3 WSGI Server',
 'wsgi.errors': <open file '<stderr>', mode 'w' at 0x00AA30C0>,
 'wsgi.input': <wsgiserver.SizeCheckWrapper object at 0x32751CF0>,
 'wsgi.multiprocess': False,
 'wsgi.multithread': True,
 'wsgi.run_once': False,
 'wsgi.url_scheme': 'http',
 'wsgi.version': (1, 0)}>
2011-05-31 19:31:22,015 INFO logon: <WSGIRequest
GET:<QueryDict: {u'next': [u'/data/index/']}>,
POST:<QueryDict: {}>,
COOKIES:{'sessionidadms': 'a21b64d727ac8d338d215b703ab6768b'},
META:{'ACTUAL_SERVER_PROTOCOL': 'HTTP/1.1',
 'AUTH_TYPE': '',
 'HTTP_ACCEPT': 'text/html,application/xhtml+xml,application/xml;q=0.9,*/*;q=0.8',
 'HTTP_ACCEPT_CHARSET': 'gb2312,utf-8;q=0.7,*;q=0.7',
 'HTTP_ACCEPT_ENCODING': 'gzip,deflate',
 'HTTP_ACCEPT_LANGUAGE': 'zh-cn,zh;q=0.5',
 'HTTP_CONNECTION': 'keep-alive',
 'HTTP_COOKIE': 'sessionidadms=a21b64d727ac8d338d215b703ab6768b',
 'HTTP_HOST': '127.0.0.1:8099',
 'HTTP_KEEP_ALIVE': '300',
 'HTTP_USER_AGENT': 'Mozilla/5.0 (Windows; U; Windows NT 5.1; zh-CN; rv:1.9.1b3) Gecko/20090305 Firefox/3.1b3',
 'PATH_INFO': u'/accounts/login/',
 'QUERY_STRING': 'next=/data/index/',
 'REMOTE_ADDR': '127.0.0.1',
 'REMOTE_PORT': '22018',
 'REQUEST_METHOD': 'GET',
 'SCRIPT_NAME': u'',
 'SERVER_NAME': 'www.bio-Device.com',
 'SERVER_PORT': '8099',
 'SERVER_PROTOCOL': 'HTTP/1.1',
 'SERVER_SOFTWARE': 'CherryPy/3.1.0beta3 WSGI Server',
 'wsgi.errors': <open file '<stderr>', mode 'w' at 0x00AA30C0>,
 'wsgi.input': <wsgiserver.SizeCheckWrapper object at 0x32B9E310>,
 'wsgi.multiprocess': False,
 'wsgi.multithread': True,
 'wsgi.run_once': False,
 'wsgi.url_scheme': 'http',
 'wsgi.version': (1, 0)}>
2011-05-31 19:31:29,171 INFO logon: <WSGIRequest
GET:<QueryDict: {u'next': [u'/data/index/']}>,
POST:<QueryDict: {u'username': [u'admin'], u'client_language': [u'zh-cn'], u'template10': [u''], u'template9': [u''], u'finnger10': [u''], u'fpflag': [u'pwdlogin'], u'password': [u'admin'], u'finnger9': [u'']}>,
COOKIES:{'sessionidadms': '86232976a2127549d94054400bee41ed'},
META:{'ACTUAL_SERVER_PROTOCOL': 'HTTP/1.1',
 'AUTH_TYPE': '',
 'CONTENT_LENGTH': '111',
 'CONTENT_TYPE': 'application/x-www-form-urlencoded; charset=UTF-8',
 'HTTP_ACCEPT': 'text/html, */*',
 'HTTP_ACCEPT_CHARSET': 'gb2312,utf-8;q=0.7,*;q=0.7',
 'HTTP_ACCEPT_ENCODING': 'gzip,deflate',
 'HTTP_ACCEPT_LANGUAGE': 'zh-cn,zh;q=0.5',
 'HTTP_CACHE_CONTROL': 'no-cache',
 'HTTP_CONNECTION': 'keep-alive',
 'HTTP_COOKIE': 'sessionidadms=86232976a2127549d94054400bee41ed',
 'HTTP_HOST': '127.0.0.1:8099',
 'HTTP_KEEP_ALIVE': '300',
 'HTTP_PRAGMA': 'no-cache',
 'HTTP_REFERER': 'http://127.0.0.1:8099/accounts/login/?next=/data/index/',
 'HTTP_USER_AGENT': 'Mozilla/5.0 (Windows; U; Windows NT 5.1; zh-CN; rv:1.9.1b3) Gecko/20090305 Firefox/3.1b3',
 'HTTP_X_REQUESTED_WITH': 'XMLHttpRequest',
 'PATH_INFO': u'/accounts/login/',
 'QUERY_STRING': 'next=/data/index/',
 'REMOTE_ADDR': '127.0.0.1',
 'REMOTE_PORT': '22018',
 'REQUEST_METHOD': 'POST',
 'SCRIPT_NAME': u'',
 'SERVER_NAME': 'www.bio-Device.com',
 'SERVER_PORT': '8099',
 'SERVER_PROTOCOL': 'HTTP/1.1',
 'SERVER_SOFTWARE': 'CherryPy/3.1.0beta3 WSGI Server',
 'wsgi.errors': <open file '<stderr>', mode 'w' at 0x00AA30C0>,
 'wsgi.input': <wsgiserver.SizeCheckWrapper object at 0x32B9E310>,
 'wsgi.multiprocess': False,
 'wsgi.multithread': True,
 'wsgi.run_once': False,
 'wsgi.url_scheme': 'http',
 'wsgi.version': (1, 0)}>
2011-05-31 19:31:32,155 INFO logon: <WSGIRequest
GET:<QueryDict: {u'next': [u'/data/index/']}>,
POST:<QueryDict: {u'username': [u'admin'], u'client_language': [u'zh-cn'], u'template10': [u''], u'template9': [u''], u'finnger10': [u''], u'fpflag': [u'pwdlogin'], u'password': [u'admin'], u'finnger9': [u'']}>,
COOKIES:{'sessionidadms': 'd6904dac1ec509591738dbb7b5ff1942'},
META:{'ACTUAL_SERVER_PROTOCOL': 'HTTP/1.1',
 'AUTH_TYPE': '',
 'CONTENT_LENGTH': '111',
 'CONTENT_TYPE': 'application/x-www-form-urlencoded; charset=UTF-8',
 'HTTP_ACCEPT': 'text/html, */*',
 'HTTP_ACCEPT_CHARSET': 'gb2312,utf-8;q=0.7,*;q=0.7',
 'HTTP_ACCEPT_ENCODING': 'gzip,deflate',
 'HTTP_ACCEPT_LANGUAGE': 'zh-cn,zh;q=0.5',
 'HTTP_CACHE_CONTROL': 'no-cache',
 'HTTP_CONNECTION': 'keep-alive',
 'HTTP_COOKIE': 'sessionidadms=d6904dac1ec509591738dbb7b5ff1942',
 'HTTP_HOST': '127.0.0.1:8099',
 'HTTP_KEEP_ALIVE': '300',
 'HTTP_PRAGMA': 'no-cache',
 'HTTP_REFERER': 'http://127.0.0.1:8099/accounts/login/?next=/data/index/',
 'HTTP_USER_AGENT': 'Mozilla/5.0 (Windows; U; Windows NT 5.1; zh-CN; rv:1.9.1b3) Gecko/20090305 Firefox/3.1b3',
 'HTTP_X_REQUESTED_WITH': 'XMLHttpRequest',
 'PATH_INFO': u'/accounts/login/',
 'QUERY_STRING': 'next=/data/index/',
 'REMOTE_ADDR': '127.0.0.1',
 'REMOTE_PORT': '22023',
 'REQUEST_METHOD': 'POST',
 'SCRIPT_NAME': u'',
 'SERVER_NAME': 'www.bio-Device.com',
 'SERVER_PORT': '8099',
 'SERVER_PROTOCOL': 'HTTP/1.1',
 'SERVER_SOFTWARE': 'CherryPy/3.1.0beta3 WSGI Server',
 'wsgi.errors': <open file '<stderr>', mode 'w' at 0x00AA30C0>,
 'wsgi.input': <wsgiserver.SizeCheckWrapper object at 0x32BAA1D0>,
 'wsgi.multiprocess': False,
 'wsgi.multithread': True,
 'wsgi.run_once': False,
 'wsgi.url_scheme': 'http',
 'wsgi.version': (1, 0)}>
2011-05-31 19:31:35,967 INFO logon: <WSGIRequest
GET:<QueryDict: {u'next': [u'/data/index/']}>,
POST:<QueryDict: {u'username': [u'admin'], u'client_language': [u'zh-cn'], u'template10': [u''], u'template9': [u''], u'finnger10': [u''], u'fpflag': [u'pwdlogin'], u'password': [u'admin'], u'finnger9': [u'']}>,
COOKIES:{'sessionidadms': '02f76825331dbef15db384e9b4789df3'},
META:{'ACTUAL_SERVER_PROTOCOL': 'HTTP/1.1',
 'AUTH_TYPE': '',
 'CONTENT_LENGTH': '111',
 'CONTENT_TYPE': 'application/x-www-form-urlencoded; charset=UTF-8',
 'HTTP_ACCEPT': 'text/html, */*',
 'HTTP_ACCEPT_CHARSET': 'gb2312,utf-8;q=0.7,*;q=0.7',
 'HTTP_ACCEPT_ENCODING': 'gzip,deflate',
 'HTTP_ACCEPT_LANGUAGE': 'zh-cn,zh;q=0.5',
 'HTTP_CACHE_CONTROL': 'no-cache',
 'HTTP_CONNECTION': 'keep-alive',
 'HTTP_COOKIE': 'sessionidadms=02f76825331dbef15db384e9b4789df3',
 'HTTP_HOST': '127.0.0.1:8099',
 'HTTP_KEEP_ALIVE': '300',
 'HTTP_PRAGMA': 'no-cache',
 'HTTP_REFERER': 'http://127.0.0.1:8099/accounts/login/?next=/data/index/',
 'HTTP_USER_AGENT': 'Mozilla/5.0 (Windows; U; Windows NT 5.1; zh-CN; rv:1.9.1b3) Gecko/20090305 Firefox/3.1b3',
 'HTTP_X_REQUESTED_WITH': 'XMLHttpRequest',
 'PATH_INFO': u'/accounts/login/',
 'QUERY_STRING': 'next=/data/index/',
 'REMOTE_ADDR': '127.0.0.1',
 'REMOTE_PORT': '22018',
 'REQUEST_METHOD': 'POST',
 'SCRIPT_NAME': u'',
 'SERVER_NAME': 'www.bio-Device.com',
 'SERVER_PORT': '8099',
 'SERVER_PROTOCOL': 'HTTP/1.1',
 'SERVER_SOFTWARE': 'CherryPy/3.1.0beta3 WSGI Server',
 'wsgi.errors': <open file '<stderr>', mode 'w' at 0x00AA30C0>,
 'wsgi.input': <wsgiserver.SizeCheckWrapper object at 0x32B9E310>,
 'wsgi.multiprocess': False,
 'wsgi.multithread': True,
 'wsgi.run_once': False,
 'wsgi.url_scheme': 'http',
 'wsgi.version': (1, 0)}>
2011-05-31 19:31:52,858 INFO logon: <WSGIRequest
GET:<QueryDict: {u'next': [u'/data/index/']}>,
POST:<QueryDict: {u'username': [u'admin'], u'client_language': [u'zh-cn'], u'template10': [u''], u'template9': [u''], u'finnger10': [u''], u'fpflag': [u'pwdlogin'], u'password': [u'admin'], u'finnger9': [u'']}>,
COOKIES:{'sessionidadms': '91a99f65ed78ea4a42b2d0a3c0393dd2'},
META:{'ACTUAL_SERVER_PROTOCOL': 'HTTP/1.1',
 'AUTH_TYPE': '',
 'CONTENT_LENGTH': '111',
 'CONTENT_TYPE': 'application/x-www-form-urlencoded',
 'HTTP_ACCEPT': 'text/html,application/xhtml+xml,application/xml;q=0.9,*/*;q=0.8',
 'HTTP_ACCEPT_CHARSET': 'gb2312,utf-8;q=0.7,*;q=0.7',
 'HTTP_ACCEPT_ENCODING': 'gzip,deflate',
 'HTTP_ACCEPT_LANGUAGE': 'zh-cn,zh;q=0.5',
 'HTTP_CONNECTION': 'keep-alive',
 'HTTP_COOKIE': 'sessionidadms=91a99f65ed78ea4a42b2d0a3c0393dd2',
 'HTTP_HOST': '127.0.0.1:8099',
 'HTTP_KEEP_ALIVE': '300',
 'HTTP_USER_AGENT': 'Mozilla/5.0 (Windows; U; Windows NT 5.1; zh-CN; rv:1.9.1b3) Gecko/20090305 Firefox/3.1b3',
 'PATH_INFO': u'/accounts/login/',
 'QUERY_STRING': 'next=/data/index/',
 'REMOTE_ADDR': '127.0.0.1',
 'REMOTE_PORT': '22037',
 'REQUEST_METHOD': 'POST',
 'SCRIPT_NAME': u'',
 'SERVER_NAME': 'www.bio-Device.com',
 'SERVER_PORT': '8099',
 'SERVER_PROTOCOL': 'HTTP/1.1',
 'SERVER_SOFTWARE': 'CherryPy/3.1.0beta3 WSGI Server',
 'wsgi.errors': <open file '<stderr>', mode 'w' at 0x00AA30C0>,
 'wsgi.input': <wsgiserver.SizeCheckWrapper object at 0x32BFFED0>,
 'wsgi.multiprocess': False,
 'wsgi.multithread': True,
 'wsgi.run_once': False,
 'wsgi.url_scheme': 'http',
 'wsgi.version': (1, 0)}>
2011-05-31 19:34:01,687 INFO logon: <WSGIRequest
GET:<QueryDict: {u'next': [u'/data/index/']}>,
POST:<QueryDict: {}>,
COOKIES:{'sessionidadms': '468699fdb79505cf07a73a935834db8a'},
META:{'ACTUAL_SERVER_PROTOCOL': 'HTTP/1.1',
 'AUTH_TYPE': '',
 'HTTP_ACCEPT': 'text/html,application/xhtml+xml,application/xml;q=0.9,*/*;q=0.8',
 'HTTP_ACCEPT_CHARSET': 'gb2312,utf-8;q=0.7,*;q=0.7',
 'HTTP_ACCEPT_ENCODING': 'gzip,deflate',
 'HTTP_ACCEPT_LANGUAGE': 'zh-cn,zh;q=0.5',
 'HTTP_CACHE_CONTROL': 'max-age=0',
 'HTTP_CONNECTION': 'keep-alive',
 'HTTP_COOKIE': 'sessionidadms=468699fdb79505cf07a73a935834db8a',
 'HTTP_HOST': '127.0.0.1:8099',
 'HTTP_KEEP_ALIVE': '300',
 'HTTP_USER_AGENT': 'Mozilla/5.0 (Windows; U; Windows NT 5.1; zh-CN; rv:1.9.1b3) Gecko/20090305 Firefox/3.1b3',
 'PATH_INFO': u'/accounts/login/',
 'QUERY_STRING': 'next=/data/index/',
 'REMOTE_ADDR': '127.0.0.1',
 'REMOTE_PORT': '22042',
 'REQUEST_METHOD': 'GET',
 'SCRIPT_NAME': u'',
 'SERVER_NAME': 'www.bio-Device.com',
 'SERVER_PORT': '8099',
 'SERVER_PROTOCOL': 'HTTP/1.1',
 'SERVER_SOFTWARE': 'CherryPy/3.1.0beta3 WSGI Server',
 'wsgi.errors': <open file '<stderr>', mode 'w' at 0x00AA30C0>,
 'wsgi.input': <wsgiserver.SizeCheckWrapper object at 0x32C46130>,
 'wsgi.multiprocess': False,
 'wsgi.multithread': True,
 'wsgi.run_once': False,
 'wsgi.url_scheme': 'http',
 'wsgi.version': (1, 0)}>
2011-05-31 19:34:06,375 INFO logon: <WSGIRequest
GET:<QueryDict: {u'next': [u'/data/index/']}>,
POST:<QueryDict: {}>,
COOKIES:{'sessionidadms': '7261bdaa675cad946a52ac2591bedd17'},
META:{'ACTUAL_SERVER_PROTOCOL': 'HTTP/1.1',
 'AUTH_TYPE': '',
 'HTTP_ACCEPT': 'text/html,application/xhtml+xml,application/xml;q=0.9,*/*;q=0.8',
 'HTTP_ACCEPT_CHARSET': 'gb2312,utf-8;q=0.7,*;q=0.7',
 'HTTP_ACCEPT_ENCODING': 'gzip,deflate',
 'HTTP_ACCEPT_LANGUAGE': 'zh-cn,zh;q=0.5',
 'HTTP_CACHE_CONTROL': 'max-age=0',
 'HTTP_CONNECTION': 'keep-alive',
 'HTTP_COOKIE': 'sessionidadms=7261bdaa675cad946a52ac2591bedd17',
 'HTTP_HOST': '127.0.0.1:8099',
 'HTTP_KEEP_ALIVE': '300',
 'HTTP_USER_AGENT': 'Mozilla/5.0 (Windows; U; Windows NT 5.1; zh-CN; rv:1.9.1b3) Gecko/20090305 Firefox/3.1b3',
 'PATH_INFO': u'/accounts/login/',
 'QUERY_STRING': 'next=/data/index/',
 'REMOTE_ADDR': '127.0.0.1',
 'REMOTE_PORT': '22048',
 'REQUEST_METHOD': 'GET',
 'SCRIPT_NAME': u'',
 'SERVER_NAME': 'www.bio-Device.com',
 'SERVER_PORT': '8099',
 'SERVER_PROTOCOL': 'HTTP/1.1',
 'SERVER_SOFTWARE': 'CherryPy/3.1.0beta3 WSGI Server',
 'wsgi.errors': <open file '<stderr>', mode 'w' at 0x00AA30C0>,
 'wsgi.input': <wsgiserver.SizeCheckWrapper object at 0x32C41B50>,
 'wsgi.multiprocess': False,
 'wsgi.multithread': True,
 'wsgi.run_once': False,
 'wsgi.url_scheme': 'http',
 'wsgi.version': (1, 0)}>
2011-05-31 19:34:08,953 INFO logon: <WSGIRequest
GET:<QueryDict: {u'next': [u'/data/index/']}>,
POST:<QueryDict: {}>,
COOKIES:{'sessionidadms': '03593c2b3dd48cb80ddec4202b3c11e6'},
META:{'ACTUAL_SERVER_PROTOCOL': 'HTTP/1.1',
 'AUTH_TYPE': '',
 'HTTP_ACCEPT': 'text/html,application/xhtml+xml,application/xml;q=0.9,*/*;q=0.8',
 'HTTP_ACCEPT_CHARSET': 'gb2312,utf-8;q=0.7,*;q=0.7',
 'HTTP_ACCEPT_ENCODING': 'gzip,deflate',
 'HTTP_ACCEPT_LANGUAGE': 'zh-cn,zh;q=0.5',
 'HTTP_CACHE_CONTROL': 'max-age=0',
 'HTTP_CONNECTION': 'keep-alive',
 'HTTP_COOKIE': 'sessionidadms=03593c2b3dd48cb80ddec4202b3c11e6',
 'HTTP_HOST': '127.0.0.1:8099',
 'HTTP_KEEP_ALIVE': '300',
 'HTTP_USER_AGENT': 'Mozilla/5.0 (Windows; U; Windows NT 5.1; zh-CN; rv:1.9.1b3) Gecko/20090305 Firefox/3.1b3',
 'PATH_INFO': u'/accounts/login/',
 'QUERY_STRING': 'next=/data/index/',
 'REMOTE_ADDR': '127.0.0.1',
 'REMOTE_PORT': '22048',
 'REQUEST_METHOD': 'GET',
 'SCRIPT_NAME': u'',
 'SERVER_NAME': 'www.bio-Device.com',
 'SERVER_PORT': '8099',
 'SERVER_PROTOCOL': 'HTTP/1.1',
 'SERVER_SOFTWARE': 'CherryPy/3.1.0beta3 WSGI Server',
 'wsgi.errors': <open file '<stderr>', mode 'w' at 0x00AA30C0>,
 'wsgi.input': <wsgiserver.SizeCheckWrapper object at 0x32C41B50>,
 'wsgi.multiprocess': False,
 'wsgi.multithread': True,
 'wsgi.run_once': False,
 'wsgi.url_scheme': 'http',
 'wsgi.version': (1, 0)}>
2011-05-31 19:34:17,015 INFO logon: <WSGIRequest
GET:<QueryDict: {u'next': [u'/data/index/']}>,
POST:<QueryDict: {u'username': [u'admin'], u'client_language': [u'zh-cn'], u'template10': [u''], u'template9': [u''], u'finnger10': [u''], u'fpflag': [u'pwdlogin'], u'password': [u'admin'], u'finnger9': [u'']}>,
COOKIES:{'sessionidadms': 'a3742372447989d0c644466a99432758'},
META:{'ACTUAL_SERVER_PROTOCOL': 'HTTP/1.1',
 'AUTH_TYPE': '',
 'CONTENT_LENGTH': '111',
 'CONTENT_TYPE': 'application/x-www-form-urlencoded; charset=UTF-8',
 'HTTP_ACCEPT': 'text/html, */*',
 'HTTP_ACCEPT_CHARSET': 'gb2312,utf-8;q=0.7,*;q=0.7',
 'HTTP_ACCEPT_ENCODING': 'gzip,deflate',
 'HTTP_ACCEPT_LANGUAGE': 'zh-cn,zh;q=0.5',
 'HTTP_CACHE_CONTROL': 'no-cache',
 'HTTP_CONNECTION': 'keep-alive',
 'HTTP_COOKIE': 'sessionidadms=a3742372447989d0c644466a99432758',
 'HTTP_HOST': '127.0.0.1:8099',
 'HTTP_KEEP_ALIVE': '300',
 'HTTP_PRAGMA': 'no-cache',
 'HTTP_REFERER': 'http://127.0.0.1:8099/accounts/login/?next=/data/index/',
 'HTTP_USER_AGENT': 'Mozilla/5.0 (Windows; U; Windows NT 5.1; zh-CN; rv:1.9.1b3) Gecko/20090305 Firefox/3.1b3',
 'HTTP_X_REQUESTED_WITH': 'XMLHttpRequest',
 'PATH_INFO': u'/accounts/login/',
 'QUERY_STRING': 'next=/data/index/',
 'REMOTE_ADDR': '127.0.0.1',
 'REMOTE_PORT': '22052',
 'REQUEST_METHOD': 'POST',
 'SCRIPT_NAME': u'',
 'SERVER_NAME': 'www.bio-Device.com',
 'SERVER_PORT': '8099',
 'SERVER_PROTOCOL': 'HTTP/1.1',
 'SERVER_SOFTWARE': 'CherryPy/3.1.0beta3 WSGI Server',
 'wsgi.errors': <open file '<stderr>', mode 'w' at 0x00AA30C0>,
 'wsgi.input': <wsgiserver.SizeCheckWrapper object at 0x32C41870>,
 'wsgi.multiprocess': False,
 'wsgi.multithread': True,
 'wsgi.run_once': False,
 'wsgi.url_scheme': 'http',
 'wsgi.version': (1, 0)}>
2011-05-31 19:34:18,765 INFO logon: <WSGIRequest
GET:<QueryDict: {u'next': [u'/data/index/']}>,
POST:<QueryDict: {u'username': [u'admin'], u'client_language': [u'zh-cn'], u'template10': [u''], u'template9': [u''], u'finnger10': [u''], u'fpflag': [u'pwdlogin'], u'password': [u'admin'], u'finnger9': [u'']}>,
COOKIES:{'sessionidadms': '9e495e93152d2f309987efb1b64a776c'},
META:{'ACTUAL_SERVER_PROTOCOL': 'HTTP/1.1',
 'AUTH_TYPE': '',
 'CONTENT_LENGTH': '111',
 'CONTENT_TYPE': 'application/x-www-form-urlencoded; charset=UTF-8',
 'HTTP_ACCEPT': 'text/html, */*',
 'HTTP_ACCEPT_CHARSET': 'gb2312,utf-8;q=0.7,*;q=0.7',
 'HTTP_ACCEPT_ENCODING': 'gzip,deflate',
 'HTTP_ACCEPT_LANGUAGE': 'zh-cn,zh;q=0.5',
 'HTTP_CACHE_CONTROL': 'no-cache',
 'HTTP_CONNECTION': 'keep-alive',
 'HTTP_COOKIE': 'sessionidadms=9e495e93152d2f309987efb1b64a776c',
 'HTTP_HOST': '127.0.0.1:8099',
 'HTTP_KEEP_ALIVE': '300',
 'HTTP_PRAGMA': 'no-cache',
 'HTTP_REFERER': 'http://127.0.0.1:8099/accounts/login/?next=/data/index/',
 'HTTP_USER_AGENT': 'Mozilla/5.0 (Windows; U; Windows NT 5.1; zh-CN; rv:1.9.1b3) Gecko/20090305 Firefox/3.1b3',
 'HTTP_X_REQUESTED_WITH': 'XMLHttpRequest',
 'PATH_INFO': u'/accounts/login/',
 'QUERY_STRING': 'next=/data/index/',
 'REMOTE_ADDR': '127.0.0.1',
 'REMOTE_PORT': '22050',
 'REQUEST_METHOD': 'POST',
 'SCRIPT_NAME': u'',
 'SERVER_NAME': 'www.bio-Device.com',
 'SERVER_PORT': '8099',
 'SERVER_PROTOCOL': 'HTTP/1.1',
 'SERVER_SOFTWARE': 'CherryPy/3.1.0beta3 WSGI Server',
 'wsgi.errors': <open file '<stderr>', mode 'w' at 0x00AA30C0>,
 'wsgi.input': <wsgiserver.SizeCheckWrapper object at 0x32C41E90>,
 'wsgi.multiprocess': False,
 'wsgi.multithread': True,
 'wsgi.run_once': False,
 'wsgi.url_scheme': 'http',
 'wsgi.version': (1, 0)}>
2011-05-31 19:35:08,140 INFO logon: <WSGIRequest
GET:<QueryDict: {u'next': [u'/data/index/']}>,
POST:<QueryDict: {u'username': [u'admin'], u'client_language': [u'zh-cn'], u'template10': [u''], u'template9': [u''], u'finnger10': [u''], u'fpflag': [u'pwdlogin'], u'password': [u'admin'], u'finnger9': [u'']}>,
COOKIES:{'sessionidadms': '17692488653deba8351eb5f83dcc084a'},
META:{'ACTUAL_SERVER_PROTOCOL': 'HTTP/1.1',
 'AUTH_TYPE': '',
 'CONTENT_LENGTH': '111',
 'CONTENT_TYPE': 'application/x-www-form-urlencoded; charset=UTF-8',
 'HTTP_ACCEPT': 'text/html, */*',
 'HTTP_ACCEPT_CHARSET': 'gb2312,utf-8;q=0.7,*;q=0.7',
 'HTTP_ACCEPT_ENCODING': 'gzip,deflate',
 'HTTP_ACCEPT_LANGUAGE': 'zh-cn,zh;q=0.5',
 'HTTP_CACHE_CONTROL': 'no-cache',
 'HTTP_CONNECTION': 'keep-alive',
 'HTTP_COOKIE': 'sessionidadms=17692488653deba8351eb5f83dcc084a',
 'HTTP_HOST': '127.0.0.1:8099',
 'HTTP_KEEP_ALIVE': '300',
 'HTTP_PRAGMA': 'no-cache',
 'HTTP_REFERER': 'http://127.0.0.1:8099/accounts/login/?next=/data/index/',
 'HTTP_USER_AGENT': 'Mozilla/5.0 (Windows; U; Windows NT 5.1; zh-CN; rv:1.9.1b3) Gecko/20090305 Firefox/3.1b3',
 'HTTP_X_REQUESTED_WITH': 'XMLHttpRequest',
 'PATH_INFO': u'/accounts/login/',
 'QUERY_STRING': 'next=/data/index/',
 'REMOTE_ADDR': '127.0.0.1',
 'REMOTE_PORT': '22084',
 'REQUEST_METHOD': 'POST',
 'SCRIPT_NAME': u'',
 'SERVER_NAME': 'www.bio-Device.com',
 'SERVER_PORT': '8099',
 'SERVER_PROTOCOL': 'HTTP/1.1',
 'SERVER_SOFTWARE': 'CherryPy/3.1.0beta3 WSGI Server',
 'wsgi.errors': <open file '<stderr>', mode 'w' at 0x00AA30C0>,
 'wsgi.input': <wsgiserver.SizeCheckWrapper object at 0x32C3A0B0>,
 'wsgi.multiprocess': False,
 'wsgi.multithread': True,
 'wsgi.run_once': False,
 'wsgi.url_scheme': 'http',
 'wsgi.version': (1, 0)}>
2011-05-31 19:35:11,233 INFO logon: <WSGIRequest
GET:<QueryDict: {u'next': [u'/data/index/']}>,
POST:<QueryDict: {u'username': [u'admin'], u'client_language': [u'zh-cn'], u'template10': [u''], u'template9': [u''], u'finnger10': [u''], u'fpflag': [u'pwdlogin'], u'password': [u'admin'], u'finnger9': [u'']}>,
COOKIES:{'sessionidadms': 'fc986f8b552645209233018b5394ce67'},
META:{'ACTUAL_SERVER_PROTOCOL': 'HTTP/1.1',
 'AUTH_TYPE': '',
 'CONTENT_LENGTH': '111',
 'CONTENT_TYPE': 'application/x-www-form-urlencoded; charset=UTF-8',
 'HTTP_ACCEPT': 'text/html, */*',
 'HTTP_ACCEPT_CHARSET': 'gb2312,utf-8;q=0.7,*;q=0.7',
 'HTTP_ACCEPT_ENCODING': 'gzip,deflate',
 'HTTP_ACCEPT_LANGUAGE': 'zh-cn,zh;q=0.5',
 'HTTP_CACHE_CONTROL': 'no-cache',
 'HTTP_CONNECTION': 'keep-alive',
 'HTTP_COOKIE': 'sessionidadms=fc986f8b552645209233018b5394ce67',
 'HTTP_HOST': '127.0.0.1:8099',
 'HTTP_KEEP_ALIVE': '300',
 'HTTP_PRAGMA': 'no-cache',
 'HTTP_REFERER': 'http://127.0.0.1:8099/accounts/login/?next=/data/index/',
 'HTTP_USER_AGENT': 'Mozilla/5.0 (Windows; U; Windows NT 5.1; zh-CN; rv:1.9.1b3) Gecko/20090305 Firefox/3.1b3',
 'HTTP_X_REQUESTED_WITH': 'XMLHttpRequest',
 'PATH_INFO': u'/accounts/login/',
 'QUERY_STRING': 'next=/data/index/',
 'REMOTE_ADDR': '127.0.0.1',
 'REMOTE_PORT': '22084',
 'REQUEST_METHOD': 'POST',
 'SCRIPT_NAME': u'',
 'SERVER_NAME': 'www.bio-Device.com',
 'SERVER_PORT': '8099',
 'SERVER_PROTOCOL': 'HTTP/1.1',
 'SERVER_SOFTWARE': 'CherryPy/3.1.0beta3 WSGI Server',
 'wsgi.errors': <open file '<stderr>', mode 'w' at 0x00AA30C0>,
 'wsgi.input': <wsgiserver.SizeCheckWrapper object at 0x32C3A0B0>,
 'wsgi.multiprocess': False,
 'wsgi.multithread': True,
 'wsgi.run_once': False,
 'wsgi.url_scheme': 'http',
 'wsgi.version': (1, 0)}>
2011-05-31 19:36:27,155 INFO logon: <WSGIRequest
GET:<QueryDict: {u'next': [u'/data/index/']}>,
POST:<QueryDict: {}>,
COOKIES:{'sessionidadms': '6182e784b3c92b0bc53f16d7b49b89c1'},
META:{'ACTUAL_SERVER_PROTOCOL': 'HTTP/1.1',
 'AUTH_TYPE': '',
 'HTTP_ACCEPT': 'text/html,application/xhtml+xml,application/xml;q=0.9,*/*;q=0.8',
 'HTTP_ACCEPT_CHARSET': 'gb2312,utf-8;q=0.7,*;q=0.7',
 'HTTP_ACCEPT_ENCODING': 'gzip,deflate',
 'HTTP_ACCEPT_LANGUAGE': 'zh-cn,zh;q=0.5',
 'HTTP_CACHE_CONTROL': 'max-age=0',
 'HTTP_CONNECTION': 'keep-alive',
 'HTTP_COOKIE': 'sessionidadms=6182e784b3c92b0bc53f16d7b49b89c1',
 'HTTP_HOST': '127.0.0.1:8099',
 'HTTP_KEEP_ALIVE': '300',
 'HTTP_USER_AGENT': 'Mozilla/5.0 (Windows; U; Windows NT 5.1; zh-CN; rv:1.9.1b3) Gecko/20090305 Firefox/3.1b3',
 'PATH_INFO': u'/accounts/login/',
 'QUERY_STRING': 'next=/data/index/',
 'REMOTE_ADDR': '127.0.0.1',
 'REMOTE_PORT': '22088',
 'REQUEST_METHOD': 'GET',
 'SCRIPT_NAME': u'',
 'SERVER_NAME': 'www.bio-Device.com',
 'SERVER_PORT': '8099',
 'SERVER_PROTOCOL': 'HTTP/1.1',
 'SERVER_SOFTWARE': 'CherryPy/3.1.0beta3 WSGI Server',
 'wsgi.errors': <open file '<stderr>', mode 'w' at 0x00AA30C0>,
 'wsgi.input': <wsgiserver.SizeCheckWrapper object at 0x32BA2550>,
 'wsgi.multiprocess': False,
 'wsgi.multithread': True,
 'wsgi.run_once': False,
 'wsgi.url_scheme': 'http',
 'wsgi.version': (1, 0)}>
2011-05-31 19:36:36,937 INFO logon: <WSGIRequest
GET:<QueryDict: {u'next': [u'/data/index/']}>,
POST:<QueryDict: {u'username': [u'admin'], u'client_language': [u'zh-cn'], u'template10': [u''], u'template9': [u''], u'finnger10': [u''], u'fpflag': [u'pwdlogin'], u'password': [u'admin'], u'finnger9': [u'']}>,
COOKIES:{'sessionidadms': 'b13669e815ba13c0f4a375e1d93ab813'},
META:{'ACTUAL_SERVER_PROTOCOL': 'HTTP/1.1',
 'AUTH_TYPE': '',
 'CONTENT_LENGTH': '111',
 'CONTENT_TYPE': 'application/x-www-form-urlencoded; charset=UTF-8',
 'HTTP_ACCEPT': 'text/html, */*',
 'HTTP_ACCEPT_CHARSET': 'gb2312,utf-8;q=0.7,*;q=0.7',
 'HTTP_ACCEPT_ENCODING': 'gzip,deflate',
 'HTTP_ACCEPT_LANGUAGE': 'zh-cn,zh;q=0.5',
 'HTTP_CACHE_CONTROL': 'no-cache',
 'HTTP_CONNECTION': 'keep-alive',
 'HTTP_COOKIE': 'sessionidadms=b13669e815ba13c0f4a375e1d93ab813',
 'HTTP_HOST': '127.0.0.1:8099',
 'HTTP_KEEP_ALIVE': '300',
 'HTTP_PRAGMA': 'no-cache',
 'HTTP_REFERER': 'http://127.0.0.1:8099/accounts/login/?next=/data/index/',
 'HTTP_USER_AGENT': 'Mozilla/5.0 (Windows; U; Windows NT 5.1; zh-CN; rv:1.9.1b3) Gecko/20090305 Firefox/3.1b3',
 'HTTP_X_REQUESTED_WITH': 'XMLHttpRequest',
 'PATH_INFO': u'/accounts/login/',
 'QUERY_STRING': 'next=/data/index/',
 'REMOTE_ADDR': '127.0.0.1',
 'REMOTE_PORT': '22094',
 'REQUEST_METHOD': 'POST',
 'SCRIPT_NAME': u'',
 'SERVER_NAME': 'www.bio-Device.com',
 'SERVER_PORT': '8099',
 'SERVER_PROTOCOL': 'HTTP/1.1',
 'SERVER_SOFTWARE': 'CherryPy/3.1.0beta3 WSGI Server',
 'wsgi.errors': <open file '<stderr>', mode 'w' at 0x00AA30C0>,
 'wsgi.input': <wsgiserver.SizeCheckWrapper object at 0x32BA2B70>,
 'wsgi.multiprocess': False,
 'wsgi.multithread': True,
 'wsgi.run_once': False,
 'wsgi.url_scheme': 'http',
 'wsgi.version': (1, 0)}>
2011-05-31 19:36:53,375 INFO started
2011-05-31 19:36:53,405 INFO logon: <WSGIRequest
GET:<QueryDict: {u'next': [u'/data/index/']}>,
POST:<QueryDict: {}>,
COOKIES:{'sessionidadms': '62c9dc01bacdc1cfa8e1dd4726179fdb'},
META:{'ACTUAL_SERVER_PROTOCOL': 'HTTP/1.1',
 'AUTH_TYPE': '',
 'HTTP_ACCEPT': 'text/html,application/xhtml+xml,application/xml;q=0.9,*/*;q=0.8',
 'HTTP_ACCEPT_CHARSET': 'gb2312,utf-8;q=0.7,*;q=0.7',
 'HTTP_ACCEPT_ENCODING': 'gzip,deflate',
 'HTTP_ACCEPT_LANGUAGE': 'zh-cn,zh;q=0.5',
 'HTTP_CACHE_CONTROL': 'max-age=0',
 'HTTP_CONNECTION': 'keep-alive',
 'HTTP_COOKIE': 'sessionidadms=62c9dc01bacdc1cfa8e1dd4726179fdb',
 'HTTP_HOST': '127.0.0.1:8099',
 'HTTP_KEEP_ALIVE': '300',
 'HTTP_USER_AGENT': 'Mozilla/5.0 (Windows; U; Windows NT 5.1; zh-CN; rv:1.9.1b3) Gecko/20090305 Firefox/3.1b3',
 'PATH_INFO': u'/accounts/login/',
 'QUERY_STRING': 'next=/data/index/',
 'REMOTE_ADDR': '127.0.0.1',
 'REMOTE_PORT': '22108',
 'REQUEST_METHOD': 'GET',
 'SCRIPT_NAME': u'',
 'SERVER_NAME': 'www.bio-Device.com',
 'SERVER_PORT': '8099',
 'SERVER_PROTOCOL': 'HTTP/1.1',
 'SERVER_SOFTWARE': 'CherryPy/3.1.0beta3 WSGI Server',
 'wsgi.errors': <open file '<stderr>', mode 'w' at 0x00AA30C0>,
 'wsgi.input': <wsgiserver.SizeCheckWrapper object at 0x00FA6D70>,
 'wsgi.multiprocess': False,
 'wsgi.multithread': True,
 'wsgi.run_once': False,
 'wsgi.url_scheme': 'http',
 'wsgi.version': (1, 0)}>
2011-05-31 19:37:03,765 INFO logon: <WSGIRequest
GET:<QueryDict: {u'next': [u'/data/index/']}>,
POST:<QueryDict: {u'username': [u'admin'], u'client_language': [u'zh-cn'], u'template10': [u''], u'template9': [u''], u'finnger10': [u''], u'fpflag': [u'pwdlogin'], u'password': [u'admin'], u'finnger9': [u'']}>,
COOKIES:{'sessionidadms': '4c3e23fa40ad1079076a9b4eb29c514a'},
META:{'ACTUAL_SERVER_PROTOCOL': 'HTTP/1.1',
 'AUTH_TYPE': '',
 'CONTENT_LENGTH': '111',
 'CONTENT_TYPE': 'application/x-www-form-urlencoded; charset=UTF-8',
 'HTTP_ACCEPT': 'text/html, */*',
 'HTTP_ACCEPT_CHARSET': 'gb2312,utf-8;q=0.7,*;q=0.7',
 'HTTP_ACCEPT_ENCODING': 'gzip,deflate',
 'HTTP_ACCEPT_LANGUAGE': 'zh-cn,zh;q=0.5',
 'HTTP_CACHE_CONTROL': 'no-cache',
 'HTTP_CONNECTION': 'keep-alive',
 'HTTP_COOKIE': 'sessionidadms=4c3e23fa40ad1079076a9b4eb29c514a',
 'HTTP_HOST': '127.0.0.1:8099',
 'HTTP_KEEP_ALIVE': '300',
 'HTTP_PRAGMA': 'no-cache',
 'HTTP_REFERER': 'http://127.0.0.1:8099/accounts/login/?next=/data/index/',
 'HTTP_USER_AGENT': 'Mozilla/5.0 (Windows; U; Windows NT 5.1; zh-CN; rv:1.9.1b3) Gecko/20090305 Firefox/3.1b3',
 'HTTP_X_REQUESTED_WITH': 'XMLHttpRequest',
 'PATH_INFO': u'/accounts/login/',
 'QUERY_STRING': 'next=/data/index/',
 'REMOTE_ADDR': '127.0.0.1',
 'REMOTE_PORT': '22125',
 'REQUEST_METHOD': 'POST',
 'SCRIPT_NAME': u'',
 'SERVER_NAME': 'www.bio-Device.com',
 'SERVER_PORT': '8099',
 'SERVER_PROTOCOL': 'HTTP/1.1',
 'SERVER_SOFTWARE': 'CherryPy/3.1.0beta3 WSGI Server',
 'wsgi.errors': <open file '<stderr>', mode 'w' at 0x00AA30C0>,
 'wsgi.input': <wsgiserver.SizeCheckWrapper object at 0x32710D30>,
 'wsgi.multiprocess': False,
 'wsgi.multithread': True,
 'wsgi.run_once': False,
 'wsgi.url_scheme': 'http',
 'wsgi.version': (1, 0)}>
2011-05-31 19:37:13,780 INFO logon: <WSGIRequest
GET:<QueryDict: {u'next': [u'/data/index/']}>,
POST:<QueryDict: {u'username': [u'admin'], u'client_language': [u'zh-cn'], u'template10': [u''], u'template9': [u''], u'finnger10': [u''], u'fpflag': [u'pwdlogin'], u'password': [u'admin'], u'finnger9': [u'']}>,
COOKIES:{'sessionidadms': 'a4e8f9c5a7b655528aca02366205b177'},
META:{'ACTUAL_SERVER_PROTOCOL': 'HTTP/1.1',
 'AUTH_TYPE': '',
 'CONTENT_LENGTH': '111',
 'CONTENT_TYPE': 'application/x-www-form-urlencoded',
 'HTTP_ACCEPT': 'text/html,application/xhtml+xml,application/xml;q=0.9,*/*;q=0.8',
 'HTTP_ACCEPT_CHARSET': 'gb2312,utf-8;q=0.7,*;q=0.7',
 'HTTP_ACCEPT_ENCODING': 'gzip,deflate',
 'HTTP_ACCEPT_LANGUAGE': 'zh-cn,zh;q=0.5',
 'HTTP_CONNECTION': 'keep-alive',
 'HTTP_COOKIE': 'sessionidadms=a4e8f9c5a7b655528aca02366205b177',
 'HTTP_HOST': '127.0.0.1:8099',
 'HTTP_KEEP_ALIVE': '300',
 'HTTP_USER_AGENT': 'Mozilla/5.0 (Windows; U; Windows NT 5.1; zh-CN; rv:1.9.1b3) Gecko/20090305 Firefox/3.1b3',
 'PATH_INFO': u'/accounts/login/',
 'QUERY_STRING': 'next=/data/index/',
 'REMOTE_ADDR': '127.0.0.1',
 'REMOTE_PORT': '22125',
 'REQUEST_METHOD': 'POST',
 'SCRIPT_NAME': u'',
 'SERVER_NAME': 'www.bio-Device.com',
 'SERVER_PORT': '8099',
 'SERVER_PROTOCOL': 'HTTP/1.1',
 'SERVER_SOFTWARE': 'CherryPy/3.1.0beta3 WSGI Server',
 'wsgi.errors': <open file '<stderr>', mode 'w' at 0x00AA30C0>,
 'wsgi.input': <wsgiserver.SizeCheckWrapper object at 0x32710D30>,
 'wsgi.multiprocess': False,
 'wsgi.multithread': True,
 'wsgi.run_once': False,
 'wsgi.url_scheme': 'http',
 'wsgi.version': (1, 0)}>
2011-05-31 19:38:46,500 INFO started
2011-05-31 19:38:46,530 INFO logon: <WSGIRequest
GET:<QueryDict: {u'next': [u'/data/index/']}>,
POST:<QueryDict: {}>,
COOKIES:{'sessionidadms': 'f0b2d32bf6603a8ce0c500853e0c6654'},
META:{'ACTUAL_SERVER_PROTOCOL': 'HTTP/1.1',
 'AUTH_TYPE': '',
 'HTTP_ACCEPT': 'text/html,application/xhtml+xml,application/xml;q=0.9,*/*;q=0.8',
 'HTTP_ACCEPT_CHARSET': 'gb2312,utf-8;q=0.7,*;q=0.7',
 'HTTP_ACCEPT_ENCODING': 'gzip,deflate',
 'HTTP_ACCEPT_LANGUAGE': 'zh-cn,zh;q=0.5',
 'HTTP_CACHE_CONTROL': 'max-age=0',
 'HTTP_CONNECTION': 'keep-alive',
 'HTTP_COOKIE': 'sessionidadms=f0b2d32bf6603a8ce0c500853e0c6654',
 'HTTP_HOST': '127.0.0.1:8099',
 'HTTP_KEEP_ALIVE': '300',
 'HTTP_USER_AGENT': 'Mozilla/5.0 (Windows; U; Windows NT 5.1; zh-CN; rv:1.9.1b3) Gecko/20090305 Firefox/3.1b3',
 'PATH_INFO': u'/accounts/login/',
 'QUERY_STRING': 'next=/data/index/',
 'REMOTE_ADDR': '127.0.0.1',
 'REMOTE_PORT': '22132',
 'REQUEST_METHOD': 'GET',
 'SCRIPT_NAME': u'',
 'SERVER_NAME': 'www.bio-Device.com',
 'SERVER_PORT': '8099',
 'SERVER_PROTOCOL': 'HTTP/1.1',
 'SERVER_SOFTWARE': 'CherryPy/3.1.0beta3 WSGI Server',
 'wsgi.errors': <open file '<stderr>', mode 'w' at 0x00AA30C0>,
 'wsgi.input': <wsgiserver.SizeCheckWrapper object at 0x00FA6D70>,
 'wsgi.multiprocess': False,
 'wsgi.multithread': True,
 'wsgi.run_once': False,
 'wsgi.url_scheme': 'http',
 'wsgi.version': (1, 0)}>
2011-05-31 19:38:57,421 INFO logon: <WSGIRequest
GET:<QueryDict: {u'next': [u'/data/index/']}>,
POST:<QueryDict: {u'username': [u'admin'], u'client_language': [u'zh-cn'], u'template10': [u''], u'template9': [u''], u'finnger10': [u''], u'fpflag': [u'pwdlogin'], u'password': [u'admin'], u'finnger9': [u'']}>,
COOKIES:{'sessionidadms': 'a8429a4b5947fd22c3b67d2da1a7e2a0'},
META:{'ACTUAL_SERVER_PROTOCOL': 'HTTP/1.1',
 'AUTH_TYPE': '',
 'CONTENT_LENGTH': '111',
 'CONTENT_TYPE': 'application/x-www-form-urlencoded; charset=UTF-8',
 'HTTP_ACCEPT': 'text/html, */*',
 'HTTP_ACCEPT_CHARSET': 'gb2312,utf-8;q=0.7,*;q=0.7',
 'HTTP_ACCEPT_ENCODING': 'gzip,deflate',
 'HTTP_ACCEPT_LANGUAGE': 'zh-cn,zh;q=0.5',
 'HTTP_CACHE_CONTROL': 'no-cache',
 'HTTP_CONNECTION': 'keep-alive',
 'HTTP_COOKIE': 'sessionidadms=a8429a4b5947fd22c3b67d2da1a7e2a0',
 'HTTP_HOST': '127.0.0.1:8099',
 'HTTP_KEEP_ALIVE': '300',
 'HTTP_PRAGMA': 'no-cache',
 'HTTP_REFERER': 'http://127.0.0.1:8099/accounts/login/?next=/data/index/',
 'HTTP_USER_AGENT': 'Mozilla/5.0 (Windows; U; Windows NT 5.1; zh-CN; rv:1.9.1b3) Gecko/20090305 Firefox/3.1b3',
 'HTTP_X_REQUESTED_WITH': 'XMLHttpRequest',
 'PATH_INFO': u'/accounts/login/',
 'QUERY_STRING': 'next=/data/index/',
 'REMOTE_ADDR': '127.0.0.1',
 'REMOTE_PORT': '22152',
 'REQUEST_METHOD': 'POST',
 'SCRIPT_NAME': u'',
 'SERVER_NAME': 'www.bio-Device.com',
 'SERVER_PORT': '8099',
 'SERVER_PROTOCOL': 'HTTP/1.1',
 'SERVER_SOFTWARE': 'CherryPy/3.1.0beta3 WSGI Server',
 'wsgi.errors': <open file '<stderr>', mode 'w' at 0x00AA30C0>,
 'wsgi.input': <wsgiserver.SizeCheckWrapper object at 0x325DB3B0>,
 'wsgi.multiprocess': False,
 'wsgi.multithread': True,
 'wsgi.run_once': False,
 'wsgi.url_scheme': 'http',
 'wsgi.version': (1, 0)}>
2011-05-31 19:39:03,780 INFO logon: <WSGIRequest
GET:<QueryDict: {u'next': [u'/data/index/']}>,
POST:<QueryDict: {u'username': [u'admin'], u'client_language': [u'zh-cn'], u'template10': [u''], u'template9': [u''], u'finnger10': [u''], u'fpflag': [u'pwdlogin'], u'password': [u'admin'], u'finnger9': [u'']}>,
COOKIES:{'sessionidadms': '375c54acf9429f632763acea855cb5bb'},
META:{'ACTUAL_SERVER_PROTOCOL': 'HTTP/1.1',
 'AUTH_TYPE': '',
 'CONTENT_LENGTH': '111',
 'CONTENT_TYPE': 'application/x-www-form-urlencoded',
 'HTTP_ACCEPT': 'text/html,application/xhtml+xml,application/xml;q=0.9,*/*;q=0.8',
 'HTTP_ACCEPT_CHARSET': 'gb2312,utf-8;q=0.7,*;q=0.7',
 'HTTP_ACCEPT_ENCODING': 'gzip,deflate',
 'HTTP_ACCEPT_LANGUAGE': 'zh-cn,zh;q=0.5',
 'HTTP_CONNECTION': 'keep-alive',
 'HTTP_COOKIE': 'sessionidadms=375c54acf9429f632763acea855cb5bb',
 'HTTP_HOST': '127.0.0.1:8099',
 'HTTP_KEEP_ALIVE': '300',
 'HTTP_USER_AGENT': 'Mozilla/5.0 (Windows; U; Windows NT 5.1; zh-CN; rv:1.9.1b3) Gecko/20090305 Firefox/3.1b3',
 'PATH_INFO': u'/accounts/login/',
 'QUERY_STRING': 'next=/data/index/',
 'REMOTE_ADDR': '127.0.0.1',
 'REMOTE_PORT': '22152',
 'REQUEST_METHOD': 'POST',
 'SCRIPT_NAME': u'',
 'SERVER_NAME': 'www.bio-Device.com',
 'SERVER_PORT': '8099',
 'SERVER_PROTOCOL': 'HTTP/1.1',
 'SERVER_SOFTWARE': 'CherryPy/3.1.0beta3 WSGI Server',
 'wsgi.errors': <open file '<stderr>', mode 'w' at 0x00AA30C0>,
 'wsgi.input': <wsgiserver.SizeCheckWrapper object at 0x325DB3B0>,
 'wsgi.multiprocess': False,
 'wsgi.multithread': True,
 'wsgi.run_once': False,
 'wsgi.url_scheme': 'http',
 'wsgi.version': (1, 0)}>
